<?xml version="1.0" encoding="UTF-8"?>
<!-- Generated by org.testng.reporters.JUnitXMLReporter -->
<testsuite ignored="0" hostname="girja-Latitude-3410" failures="1" tests="1" name="BestSellingPlusMattressAddToCart" time="58.254" errors="0" timestamp="2021-09-24T12:55:42 IST">
  <testcase classname="addtocartproductflow.BestSellingPlusMattressAddToCart" name="bestsellingPlusMattressAddToCart" time="50.188">
    <failure type="org.openqa.selenium.ElementClickInterceptedException" message="element click intercepted: Element &amp;lt;li class=&amp;quot;noSliderDropDown &amp;quot; data-producttype=&amp;quot;plus&amp;quot; data-name=&amp;quot;quantity&amp;quot; data-value=&amp;quot;7&amp;quot; value=&amp;quot;7&amp;quot;&amp;gt;...&amp;lt;/li&amp;gt; is not clickable at point (528, 597). Other element would receive the click: &amp;lt;div class=&amp;quot;soundest-form-without-image-inner soundest-form-without-image-inner-MC&amp;quot;&amp;gt;...&amp;lt;/div&amp;gt;
  (Session info: chrome=92.0.4515.107)
Build info: version: &amp;apos;3.141.59&amp;apos;, revision: &amp;apos;e82be7d358&amp;apos;, time: &amp;apos;2018-11-14T08:17:03&amp;apos;
System info: host: &amp;apos;girja-Latitude-3410&amp;apos;, ip: &amp;apos;127.0.1.1&amp;apos;, os.name: &amp;apos;Linux&amp;apos;, os.arch: &amp;apos;amd64&amp;apos;, os.version: &amp;apos;5.11.0-34-generic&amp;apos;, java.version: &amp;apos;11.0.11&amp;apos;
Driver info: org.openqa.selenium.remote.RemoteWebDriver
Capabilities {acceptInsecureCerts: true, browserName: chrome, browserVersion: 92.0.4515.107, chrome: {chromedriverVersion: 92.0.4515.43 (8c61b7e2989f2..., userDataDir: C:\Windows\proxy\scoped_dir...}, goog:chromeOptions: {debuggerAddress: localhost:6443}, javascriptEnabled: true, networkConnectionEnabled: false, pageLoadStrategy: normal, platform: WINDOWS, platformName: WINDOWS, proxy: Proxy(), setWindowRect: true, strictFileInteractability: false, timeouts: {implicit: 0, pageLoad: 300000, script: 30000}, unhandledPromptBehavior: dismiss and notify, webauthn:extension:credBlob: true, webauthn:extension:largeBlob: true, webauthn:virtualAuthenticators: true, webdriver.remote.sessionid: 43da0a6958d69558ec1a1fcaac8...}
Session ID: 43da0a6958d69558ec1a1fcaac88504e88957f0e">
      <![CDATA[org.openqa.selenium.ElementClickInterceptedException: element click intercepted: Element <li class="noSliderDropDown " data-producttype="plus" data-name="quantity" data-value="7" value="7">...</li> is not clickable at point (528, 597). Other element would receive the click: <div class="soundest-form-without-image-inner soundest-form-without-image-inner-MC">...</div>
  (Session info: chrome=92.0.4515.107)
Build info: version: '3.141.59', revision: 'e82be7d358', time: '2018-11-14T08:17:03'
System info: host: 'girja-Latitude-3410', ip: '127.0.1.1', os.name: 'Linux', os.arch: 'amd64', os.version: '5.11.0-34-generic', java.version: '11.0.11'
Driver info: org.openqa.selenium.remote.RemoteWebDriver
Capabilities {acceptInsecureCerts: true, browserName: chrome, browserVersion: 92.0.4515.107, chrome: {chromedriverVersion: 92.0.4515.43 (8c61b7e2989f2..., userDataDir: C:\Windows\proxy\scoped_dir...}, goog:chromeOptions: {debuggerAddress: localhost:6443}, javascriptEnabled: true, networkConnectionEnabled: false, pageLoadStrategy: normal, platform: WINDOWS, platformName: WINDOWS, proxy: Proxy(), setWindowRect: true, strictFileInteractability: false, timeouts: {implicit: 0, pageLoad: 300000, script: 30000}, unhandledPromptBehavior: dismiss and notify, webauthn:extension:credBlob: true, webauthn:extension:largeBlob: true, webauthn:virtualAuthenticators: true, webdriver.remote.sessionid: 43da0a6958d69558ec1a1fcaac8...}
Session ID: 43da0a6958d69558ec1a1fcaac88504e88957f0e
at org.openqa.selenium.remote.http.W3CHttpResponseCodec.createException(W3CHttpResponseCodec.java:187)
at org.openqa.selenium.remote.http.W3CHttpResponseCodec.decode(W3CHttpResponseCodec.java:122)
at org.openqa.selenium.remote.http.W3CHttpResponseCodec.decode(W3CHttpResponseCodec.java:49)
at org.openqa.selenium.remote.HttpCommandExecutor.execute(HttpCommandExecutor.java:158)
at org.openqa.selenium.remote.RemoteWebDriver.execute(RemoteWebDriver.java:552)
at org.openqa.selenium.remote.RemoteWebElement.execute(RemoteWebElement.java:285)
at org.openqa.selenium.remote.RemoteWebElement.click(RemoteWebElement.java:84)
at addtocartproductflow.BestSellingPlusMattressAddToCart.bestsellingPlusMattressAddToCart(BestSellingPlusMattressAddToCart.java:92)
at java.base/java.util.ArrayList.forEach(ArrayList.java:1541)
... Removed 31 stack frames]]>
    </failure>
  </testcase> <!-- bestsellingPlusMattressAddToCart -->
</testsuite> <!-- BestSellingPlusMattressAddToCart -->
